<?xml version="1.0" encoding="UTF-8"?>
<!-- Generated by org.testng.reporters.JUnitReportReporter -->
<testsuite skipped="0" hostname="DESKTOP-UB9IT00" name="Academy.HomePage" tests="2" failures="0" timestamp="29 Apr 2018 02:30:15 GMT" time="25.155" errors="0">
  <testcase name="landingPage" time="20.991" classname="Academy.HomePage"/>
  <testcase name="landingPage" time="4.164" classname="Academy.HomePage"/>
</testsuite> <!-- Academy.HomePage -->
