<?xml version="1.0" encoding="UTF-8"?>
<!-- Generated by org.testng.reporters.JUnitReportReporter -->
<testsuite skipped="0" hostname="DESKTOP-UB9IT00" name="Academy.validateTitle" tests="1" failures="0" timestamp="17 Apr 2018 19:18:14 GMT" time="0.068" errors="0">
  <testcase name="landingPage" time="0.068" classname="Academy.validateTitle"/>
</testsuite> <!-- Academy.validateTitle -->
