<?xml version="1.0" encoding="UTF-8"?>
<!-- Generated by org.testng.reporters.JUnitReportReporter -->
<testsuite skipped="0" hostname="DESKTOP-UB9IT00" name="Academy.HomePage" tests="2" failures="0" timestamp="17 Apr 2018 19:18:14 GMT" time="17.645" errors="0">
  <testcase name="landingPage" time="3.490" classname="Academy.HomePage"/>
  <testcase name="landingPage" time="14.155" classname="Academy.HomePage"/>
</testsuite> <!-- Academy.HomePage -->
